<?xml version="1.0" encoding="UTF-8"?>
<testsuite xmlns:xsi="http://www.w3.org/2001/XMLSchema-instance" xsi:noNamespaceSchemaLocation="https://maven.apache.org/surefire/maven-surefire-plugin/xsd/surefire-test-report.xsd" version="3.0.2" name="com.projects.notification_service.NotificationServiceApplicationTests" time="3.248" tests="1" errors="0" skipped="0" failures="0" flakes="0">
  <properties>
[...]
</properties>
  <testcase name="contextLoads" classname="com.projects.notification_service.NotificationServiceApplicationTests" time="0.81">
    <system-out><![CDATA[19:56:05.511 [main] INFO org.springframework.test.context.support.AnnotationConfigContextLoaderUtils -- Could not detect default configuration classes for test class [com.projects.notification_service.NotificationServiceApplicationTests]: NotificationServiceApplicationTests does not declare any static, non-private, non-final, nested classes annotated with @Configuration.
19:56:05.627 [main] INFO org.springframework.boot.test.context.SpringBootTestContextBootstrapper -- Found @SpringBootConfiguration com.projects.notification_service.NotificationServiceApplication for test class com.projects.notification_service.NotificationServiceApplicationTests
19:56:05.741 [main] INFO org.springframework.test.context.support.AnnotationConfigContextLoaderUtils -- Could not detect default configuration classes for test class [com.projects.notification_service.NotificationServiceApplicationTests]: NotificationServiceApplicationTests does not declare any static, non-private, non-final, nested classes annotated with @Configuration.
19:56:05.743 [main] INFO org.springframework.boot.test.context.SpringBootTestContextBootstrapper -- Found @SpringBootConfiguration com.projects.notification_service.NotificationServiceApplication for test class com.projects.notification_service.NotificationServiceApplicationTests
2026-05-27T19:56:06.127-04:00  WARN 21220 --- [           main] o.s.b.l.logback.LogbackLoggingSystem     : Ignoring 'logback.configurationFile' system property. Please use 'logging.config' instead.

  .   ____          _            __ _ _
 /\\ / ___'_ __ _ _(_)_ __  __ _ \ \ \ \
( ( )\___ | '_ | '_| | '_ \/ _` | \ \ \ \
 \\/  ___)| |_)| | | | | || (_| |  ) ) ) )
  '  |____| .__|_| |_|_| |_\__, | / / / /
 =========|_|==============|___/=/_/_/_/

 :: Spring Boot ::                (v4.0.6)

2026-05-27T19:56:06.285-04:00  INFO 21220 --- [           main] .p.n.NotificationServiceApplicationTests : Starting NotificationServiceApplicationTests using Java 17.0.12 with PID 21220 (started by yasho in C:\Users\yasho\OneDrive\Desktop\arena\Git Local Repo\ecommerce-platform\notification-service)
2026-05-27T19:56:06.287-04:00  INFO 21220 --- [           main] .p.n.NotificationServiceApplicationTests : No active profile set, falling back to 1 default profile: "default"
2026-05-27T19:56:07.820-04:00  INFO 21220 --- [           main] .p.n.NotificationServiceApplicationTests : Started NotificationServiceApplicationTests in 1.984 seconds (process running for 9.447)
]]></system-out>
  </testcase>
</testsuite>